<?xml version="1.0" encoding="UTF-8"?>

<mule xmlns:xsi="http://www.w3.org/2001/XMLSchema-instance"
	xmlns:munit="http://www.mulesoft.org/schema/mule/munit" xmlns:munit-tools="http://www.mulesoft.org/schema/mule/munit-tools"
	xmlns="http://www.mulesoft.org/schema/mule/core" xmlns:doc="http://www.mulesoft.org/schema/mule/documentation"
	xsi:schemaLocation="
		http://www.mulesoft.org/schema/mule/core http://www.mulesoft.org/schema/mule/core/current/mule.xsd
		http://www.mulesoft.org/schema/mule/munit http://www.mulesoft.org/schema/mule/munit/current/mule-munit.xsd
		http://www.mulesoft.org/schema/mule/munit-tools  http://www.mulesoft.org/schema/mule/munit-tools/current/mule-munit-tools.xsd">
	<munit:config name="test-suite.xml" />
	<munit:test name="hello-worldFlowTest" doc:id="e05cfeb0-3459-409b-8171-7ba2a734f698" description="Test">
		<munit:execution >
			<flow-ref doc:name="Flow-ref to hello-worldFlow" doc:id="430b7938-5427-447a-8116-4ab98110cb63" name="hello-worldFlow"/>
		</munit:execution>
		<munit:validation>
			<munit-tools:assert-equals doc:name="Assert equals" doc:id="278249f4-cedb-48b5-89b9-1349ce8c540e" actual="#[payload]" expected="#['Hello World!']" message="Oops! Wrong paylod."/>
		</munit:validation>
	</munit:test>


</mule>

